#
# There is insufficient memory for the Java Runtime Environment to continue.
# Native memory allocation (malloc) failed to allocate 32744 bytes for ChunkPool::allocate
# Possible reasons:
#   The system is out of physical RAM or swap space
#   The process is running with CompressedOops enabled, and the Java Heap may be blocking the growth of the native heap
# Possible solutions:
#   Reduce memory load on the system
#   Increase physical memory or swap space
#   Check if swap backing store is full
#   Decrease Java heap size (-Xmx/-Xms)
#   Decrease number of Java threads
#   Decrease Java thread stack sizes (-Xss)
#   Set larger code cache with -XX:ReservedCodeCacheSize=
#   JVM is running with Unscaled Compressed Oops mode in which the Java heap is
#     placed in the first 4GB address space. The Java Heap base address is the
#     maximum limit for the native heap growth. Please use -XX:HeapBaseMinAddress
#     to set the Java Heap base and to place the Java Heap above 4GB virtual address.
# This output file may be truncated or incomplete.
#
#  Out of Memory Error (arena.cpp:78), pid=6592, tid=10028
#
# JRE version: OpenJDK Runtime Environment (17.0.7) (build 17.0.7+0-b2043.56-10550314)
# Java VM: OpenJDK 64-Bit Server VM (17.0.7+0-b2043.56-10550314, mixed mode, tiered, compressed oops, compressed class ptrs, g1 gc, windows-amd64)
# No core dump will be written. Minidumps are not enabled by default on client versions of Windows
#

---------------  S U M M A R Y ------------

Command Line: --add-opens=java.base/java.util=ALL-UNNAMED --add-opens=java.base/java.lang=ALL-UNNAMED --add-opens=java.base/java.lang.invoke=ALL-UNNAMED --add-opens=java.prefs/java.util.prefs=ALL-UNNAMED --add-opens=java.base/java.nio.charset=ALL-UNNAMED --add-opens=java.base/java.net=ALL-UNNAMED --add-opens=java.base/java.util.concurrent.atomic=ALL-UNNAMED -Xmx2048m -Dfile.encoding=UTF-8 -Duser.country=IN -Duser.language=en -Duser.variant -javaagent:C:\Users\91775\.gradle\wrapper\dists\gradle-8.2-bin\bbg7u40eoinfdyxsxr3z4i7ta\gradle-8.2\lib\agents\gradle-instrumentation-agent-8.2.jar org.gradle.launcher.daemon.bootstrap.GradleDaemon 8.2

Host: Intel(R) Core(TM) i5-6300U CPU @ 2.40GHz, 4 cores, 7G,  Windows 11 , 64 bit Build 22621 (10.0.22621.3085)
Time: Sat Feb  3 01:18:15 2024 India Standard Time elapsed time: 38.958744 seconds (0d 0h 0m 38s)

---------------  T H R E A D  ---------------

Current thread (0x000001775901d750):  JavaThread "C1 CompilerThread0" daemon [_thread_in_native, id=10028, stack(0x000000292a300000,0x000000292a400000)]


Current CompileTask:
C1:  38959 6350       3       jdk.internal.jrtfs.JrtFileSystem::iteratorOf (98 bytes)

Stack: [0x000000292a300000,0x000000292a400000]
Native frames: (J=compiled Java code, j=interpreted, Vv=VM code, C=native code)
V  [jvm.dll+0x683bfa]
V  [jvm.dll+0x8430a4]
V  [jvm.dll+0x8449be]
V  [jvm.dll+0x845023]
V  [jvm.dll+0x24ad2f]
V  [jvm.dll+0xac47c]
V  [jvm.dll+0xac82c]
V  [jvm.dll+0x17b18f]
V  [jvm.dll+0x17b15d]
V  [jvm.dll+0x179b34]
V  [jvm.dll+0x179dfa]
V  [jvm.dll+0x17c893]
V  [jvm.dll+0x136cd3]
V  [jvm.dll+0x1365cf]
V  [jvm.dll+0x136806]
V  [jvm.dll+0x135c9a]
V  [jvm.dll+0x137961]
V  [jvm.dll+0x22c148]
V  [jvm.dll+0x22a209]
V  [jvm.dll+0x7f858c]
V  [jvm.dll+0x7f2aea]
V  [jvm.dll+0x682a35]
C  [ucrtbase.dll+0x29363]
C  [KERNEL32.DLL+0x1257d]
C  [ntdll.dll+0x5aa58]


---------------  P R O C E S S  ---------------

Threads class SMR info:
_java_thread_list=0x000001775cbaaff0, length=38, elements={
0x0000017739740210, 0x0000017754c6d270, 0x0000017754c6e0e0, 0x0000017754c79730,
0x0000017754c9d540, 0x0000017754c9e0f0, 0x000001775901c010, 0x000001775901ccb0,
0x000001775901d750, 0x00000177590893f0, 0x0000017754bf52e0, 0x00000177592eb450,
0x000001775a4280e0, 0x000001775ab18700, 0x000001775ab190a0, 0x000001775ab16ef0,
0x000001775ab18bd0, 0x000001775ab173c0, 0x000001775ab17890, 0x000001775ab19570,
0x000001775ab17d60, 0x000001775ab18230, 0x000001775ab19a40, 0x000001775ab16080,
0x000001775ab16550, 0x000001775ab16a20, 0x000001775ac791a0, 0x000001775ac77e60,
0x000001775ac79670, 0x000001775ac79b40, 0x000001775ac774c0, 0x000001775ac76180,
0x000001775ac7a010, 0x000001775ac7a4e0, 0x000001775ac75cb0, 0x000001775ac74e40,
0x000001775ac757e0, 0x000001775ac72c90
}

Java Threads: ( => current thread )
  0x0000017739740210 JavaThread "main" [_thread_blocked, id=16588, stack(0x0000002929500000,0x0000002929600000)]
  0x0000017754c6d270 JavaThread "Reference Handler" daemon [_thread_blocked, id=16156, stack(0x0000002929c00000,0x0000002929d00000)]
  0x0000017754c6e0e0 JavaThread "Finalizer" daemon [_thread_blocked, id=11056, stack(0x0000002929d00000,0x0000002929e00000)]
  0x0000017754c79730 JavaThread "Signal Dispatcher" daemon [_thread_blocked, id=14552, stack(0x0000002929e00000,0x0000002929f00000)]
  0x0000017754c9d540 JavaThread "Attach Listener" daemon [_thread_blocked, id=10380, stack(0x0000002929f00000,0x000000292a000000)]
  0x0000017754c9e0f0 JavaThread "Service Thread" daemon [_thread_blocked, id=6232, stack(0x000000292a000000,0x000000292a100000)]
  0x000001775901c010 JavaThread "Monitor Deflation Thread" daemon [_thread_blocked, id=2908, stack(0x000000292a100000,0x000000292a200000)]
  0x000001775901ccb0 JavaThread "C2 CompilerThread0" daemon [_thread_in_native, id=5456, stack(0x000000292a200000,0x000000292a300000)]
=>0x000001775901d750 JavaThread "C1 CompilerThread0" daemon [_thread_in_native, id=10028, stack(0x000000292a300000,0x000000292a400000)]
  0x00000177590893f0 JavaThread "Sweeper thread" daemon [_thread_blocked, id=15688, stack(0x000000292a400000,0x000000292a500000)]
  0x0000017754bf52e0 JavaThread "Common-Cleaner" daemon [_thread_blocked, id=4740, stack(0x000000292a500000,0x000000292a600000)]
  0x00000177592eb450 JavaThread "Notification Thread" daemon [_thread_blocked, id=15932, stack(0x000000292a600000,0x000000292a700000)]
  0x000001775a4280e0 JavaThread "Daemon health stats" [_thread_blocked, id=17104, stack(0x000000292ab00000,0x000000292ac00000)]
  0x000001775ab18700 JavaThread "Incoming local TCP Connector on port 55870" [_thread_in_native, id=10616, stack(0x000000292ac00000,0x000000292ad00000)]
  0x000001775ab190a0 JavaThread "Daemon periodic checks" [_thread_blocked, id=1908, stack(0x000000292ad00000,0x000000292ae00000)]
  0x000001775ab16ef0 JavaThread "Daemon" [_thread_blocked, id=16768, stack(0x000000292ae00000,0x000000292af00000)]
  0x000001775ab18bd0 JavaThread "Handler for socket connection from /127.0.0.1:55870 to /127.0.0.1:55871" [_thread_in_native, id=7456, stack(0x000000292af00000,0x000000292b000000)]
  0x000001775ab173c0 JavaThread "Cancel handler" [_thread_blocked, id=3364, stack(0x000000292b000000,0x000000292b100000)]
  0x000001775ab17890 JavaThread "Daemon worker" [_thread_in_vm, id=7784, stack(0x000000292b100000,0x000000292b200000)]
  0x000001775ab19570 JavaThread "Asynchronous log dispatcher for DefaultDaemonConnection: socket connection from /127.0.0.1:55870 to /127.0.0.1:55871" [_thread_blocked, id=16812, stack(0x000000292b200000,0x000000292b300000)]
  0x000001775ab17d60 JavaThread "Stdin handler" [_thread_blocked, id=3704, stack(0x000000292b300000,0x000000292b400000)]
  0x000001775ab18230 JavaThread "Daemon client event forwarder" [_thread_blocked, id=6816, stack(0x000000292b400000,0x000000292b500000)]
  0x000001775ab19a40 JavaThread "Cache worker for journal cache (C:\Users\91775\.gradle\caches\journal-1)" [_thread_blocked, id=12792, stack(0x000000292b500000,0x000000292b600000)]
  0x000001775ab16080 JavaThread "File lock request listener" [_thread_in_native, id=1212, stack(0x000000292b600000,0x000000292b700000)]
  0x000001775ab16550 JavaThread "Cache worker for file hash cache (C:\Users\91775\.gradle\caches\8.2\fileHashes)" [_thread_blocked, id=13708, stack(0x000000292b700000,0x000000292b800000)]
  0x000001775ab16a20 JavaThread "File watcher server" daemon [_thread_in_native, id=4532, stack(0x000000292b800000,0x000000292b900000)]
  0x000001775ac791a0 JavaThread "File watcher consumer" daemon [_thread_blocked, id=12624, stack(0x000000292b900000,0x000000292ba00000)]
  0x000001775ac77e60 JavaThread "jar transforms" [_thread_blocked, id=876, stack(0x000000292ba00000,0x000000292bb00000)]
  0x000001775ac79670 JavaThread "jar transforms Thread 2" [_thread_blocked, id=7324, stack(0x000000292bb00000,0x000000292bc00000)]
  0x000001775ac79b40 JavaThread "jar transforms Thread 3" [_thread_blocked, id=4980, stack(0x000000292bc00000,0x000000292bd00000)]
  0x000001775ac774c0 JavaThread "jar transforms Thread 4" [_thread_blocked, id=11140, stack(0x000000292bd00000,0x000000292be00000)]
  0x000001775ac76180 JavaThread "Cache worker for checksums cache (C:\Users\91775\SPBCollegeDuplicate\.gradle\8.2\checksums)" [_thread_blocked, id=12324, stack(0x000000292be00000,0x000000292bf00000)]
  0x000001775ac7a010 JavaThread "Cache worker for cache directory md-rule (C:\Users\91775\.gradle\caches\8.2\md-rule)" [_thread_blocked, id=10244, stack(0x000000292bf00000,0x000000292c000000)]
  0x000001775ac7a4e0 JavaThread "Cache worker for file content cache (C:\Users\91775\.gradle\caches\8.2\fileContent)" [_thread_blocked, id=7376, stack(0x000000292c000000,0x000000292c100000)]
  0x000001775ac75cb0 JavaThread "Cache worker for file hash cache (C:\Users\91775\SPBCollegeDuplicate\.gradle\8.2\fileHashes)" [_thread_blocked, id=12592, stack(0x000000292c100000,0x000000292c200000)]
  0x000001775ac74e40 JavaThread "Cache worker for cache directory md-supplier (C:\Users\91775\.gradle\caches\8.2\md-supplier)" [_thread_blocked, id=10208, stack(0x000000292c200000,0x000000292c300000)]
  0x000001775ac757e0 JavaThread "Cache worker for execution history cache (C:\Users\91775\.gradle\caches\8.2\executionHistory)" [_thread_blocked, id=16324, stack(0x000000292c300000,0x000000292c400000)]
  0x000001775ac72c90 JavaThread "Cache worker for kotlin-dsl (C:\Users\91775\.gradle\caches\8.2\kotlin-dsl)" [_thread_blocked, id=15044, stack(0x000000292c400000,0x000000292c500000)]

Other Threads:
  0x0000017754c6a430 VMThread "VM Thread" [stack: 0x0000002929b00000,0x0000002929c00000] [id=6004]
  0x0000017759257080 WatcherThread [stack: 0x000000292a700000,0x000000292a800000] [id=8204]
  0x000001773979a1a0 GCTaskThread "GC Thread#0" [stack: 0x0000002929600000,0x0000002929700000] [id=11696]
  0x000001775976af40 GCTaskThread "GC Thread#1" [stack: 0x000000292a800000,0x000000292a900000] [id=10516]
  0x0000017759758340 GCTaskThread "GC Thread#2" [stack: 0x000000292a900000,0x000000292aa00000] [id=14500]
  0x000001775a036a20 GCTaskThread "GC Thread#3" [stack: 0x000000292aa00000,0x000000292ab00000] [id=10056]
  0x00000177397ab0e0 ConcurrentGCThread "G1 Main Marker" [stack: 0x0000002929700000,0x0000002929800000] [id=3128]
  0x00000177397abaf0 ConcurrentGCThread "G1 Conc#0" [stack: 0x0000002929800000,0x0000002929900000] [id=14796]
  0x00000177397fe350 ConcurrentGCThread "G1 Refine#0" [stack: 0x0000002929900000,0x0000002929a00000] [id=2792]
  0x000001775c8ff850 ConcurrentGCThread "G1 Refine#1" [stack: 0x000000292c500000,0x000000292c600000] [id=8472]
  0x000001775c8ffb30 ConcurrentGCThread "G1 Refine#2" [stack: 0x000000292c600000,0x000000292c700000] [id=16492]
  0x0000017754ac60d0 ConcurrentGCThread "G1 Service" [stack: 0x0000002929a00000,0x0000002929b00000] [id=13164]

Threads with active compile tasks:
C2 CompilerThread0    39122 6329   !   4       java.net.URLClassLoader::findClass (47 bytes)
C1 CompilerThread0    39122 6350       3       jdk.internal.jrtfs.JrtFileSystem::iteratorOf (98 bytes)

VM state: not at safepoint (normal execution)

VM Mutex/Monitor currently owned by a thread: None

Heap address: 0x0000000080000000, size: 2048 MB, Compressed Oops mode: 32-bit

CDS archive(s) not mapped
Compressed class space mapped at: 0x0000000100000000-0x0000000140000000, reserved size: 1073741824
Narrow klass base: 0x0000000000000000, Narrow klass shift: 3, Narrow klass range: 0x140000000

GC Precious Log:
 CPUs: 4 total, 4 available
 Memory: 8072M
 Large Page Support: Disabled
 NUMA Support: Disabled
 Compressed Oops: Enabled (32-bit)
 Heap Region Size: 1M
 Heap Min Capacity: 8M
 Heap Initial Capacity: 128M
 Heap Max Capacity: 2G
 Pre-touch: Disabled
 Parallel Workers: 4
 Concurrent Workers: 1
 Concurrent Refinement Workers: 4
 Periodic GC: Disabled

Heap:
 garbage-first heap   total 173056K, used 129501K [0x0000000080000000, 0x0000000100000000)
  region size 1024K, 33 young (33792K), 2 survivors (2048K)
 Metaspace       used 87362K, committed 88064K, reserved 1179648K
  class space    used 11634K, committed 11968K, reserved 1048576K

Heap Regions: E=young(eden), S=young(survivor), O=old, HS=humongous(starts), HC=humongous(continues), CS=collection set, F=free, OA=open archive, CA=closed archive, TAMS=top-at-mark-start (previous, next)
|   0|0x0000000080000000, 0x0000000080100000, 0x0000000080100000|100%| O|  |TAMS 0x0000000080100000, 0x0000000080000000| Untracked 
|   1|0x0000000080100000, 0x0000000080200000, 0x0000000080200000|100%| O|  |TAMS 0x0000000080200000, 0x0000000080100000| Untracked 
|   2|0x0000000080200000, 0x0000000080300000, 0x0000000080300000|100%|HS|  |TAMS 0x0000000080300000, 0x0000000080200000| Complete 
|   3|0x0000000080300000, 0x0000000080400000, 0x0000000080400000|100%|HC|  |TAMS 0x0000000080400000, 0x0000000080300000| Complete 
|   4|0x0000000080400000, 0x0000000080500000, 0x0000000080500000|100%|HC|  |TAMS 0x0000000080500000, 0x0000000080400000| Complete 
|   5|0x0000000080500000, 0x0000000080600000, 0x0000000080600000|100%|HC|  |TAMS 0x0000000080600000, 0x0000000080500000| Complete 
|   6|0x0000000080600000, 0x0000000080700000, 0x0000000080700000|100%| O|  |TAMS 0x0000000080700000, 0x0000000080600000| Untracked 
|   7|0x0000000080700000, 0x0000000080800000, 0x0000000080800000|100%| O|  |TAMS 0x0000000080800000, 0x0000000080700000| Untracked 
|   8|0x0000000080800000, 0x0000000080900000, 0x0000000080900000|100%| O|  |TAMS 0x0000000080900000, 0x0000000080800000| Untracked 
|   9|0x0000000080900000, 0x0000000080a00000, 0x0000000080a00000|100%| O|  |TAMS 0x0000000080a00000, 0x0000000080900000| Untracked 
|  10|0x0000000080a00000, 0x0000000080b00000, 0x0000000080b00000|100%| O|  |TAMS 0x0000000080b00000, 0x0000000080a00000| Untracked 
|  11|0x0000000080b00000, 0x0000000080c00000, 0x0000000080c00000|100%| O|  |TAMS 0x0000000080c00000, 0x0000000080b00000| Untracked 
|  12|0x0000000080c00000, 0x0000000080d00000, 0x0000000080d00000|100%| O|  |TAMS 0x0000000080d00000, 0x0000000080c00000| Untracked 
|  13|0x0000000080d00000, 0x0000000080e00000, 0x0000000080e00000|100%| O|  |TAMS 0x0000000080e00000, 0x0000000080d00000| Untracked 
|  14|0x0000000080e00000, 0x0000000080f00000, 0x0000000080f00000|100%| O|  |TAMS 0x0000000080f00000, 0x0000000080e00000| Untracked 
|  15|0x0000000080f00000, 0x0000000081000000, 0x0000000081000000|100%| O|  |TAMS 0x0000000081000000, 0x0000000080f00000| Untracked 
|  16|0x0000000081000000, 0x0000000081100000, 0x0000000081100000|100%| O|  |TAMS 0x0000000081100000, 0x0000000081000000| Untracked 
|  17|0x0000000081100000, 0x0000000081200000, 0x0000000081200000|100%| O|  |TAMS 0x0000000081200000, 0x0000000081100000| Untracked 
|  18|0x0000000081200000, 0x0000000081300000, 0x0000000081300000|100%| O|  |TAMS 0x0000000081300000, 0x0000000081200000| Untracked 
|  19|0x0000000081300000, 0x0000000081400000, 0x0000000081400000|100%|HS|  |TAMS 0x0000000081400000, 0x0000000081300000| Complete 
|  20|0x0000000081400000, 0x0000000081500000, 0x0000000081500000|100%|HC|  |TAMS 0x0000000081500000, 0x0000000081400000| Complete 
|  21|0x0000000081500000, 0x0000000081600000, 0x0000000081600000|100%|HS|  |TAMS 0x0000000081600000, 0x0000000081500000| Complete 
|  22|0x0000000081600000, 0x0000000081700000, 0x0000000081700000|100%|HC|  |TAMS 0x0000000081700000, 0x0000000081600000| Complete 
|  23|0x0000000081700000, 0x0000000081800000, 0x0000000081800000|100%|HC|  |TAMS 0x0000000081800000, 0x0000000081700000| Complete 
|  24|0x0000000081800000, 0x0000000081900000, 0x0000000081900000|100%| O|  |TAMS 0x0000000081900000, 0x0000000081800000| Complete 
|  25|0x0000000081900000, 0x0000000081a00000, 0x0000000081a00000|100%| O|  |TAMS 0x0000000081a00000, 0x0000000081900000| Untracked 
|  26|0x0000000081a00000, 0x0000000081b00000, 0x0000000081b00000|100%| O|  |TAMS 0x0000000081b00000, 0x0000000081a00000| Untracked 
|  27|0x0000000081b00000, 0x0000000081c00000, 0x0000000081c00000|100%|HS|  |TAMS 0x0000000081c00000, 0x0000000081b00000| Complete 
|  28|0x0000000081c00000, 0x0000000081d00000, 0x0000000081d00000|100%|HC|  |TAMS 0x0000000081d00000, 0x0000000081c00000| Complete 
|  29|0x0000000081d00000, 0x0000000081e00000, 0x0000000081e00000|100%| O|  |TAMS 0x0000000081e00000, 0x0000000081d00000| Untracked 
|  30|0x0000000081e00000, 0x0000000081f00000, 0x0000000081f00000|100%| O|  |TAMS 0x0000000081f00000, 0x0000000081e00000| Untracked 
|  31|0x0000000081f00000, 0x0000000082000000, 0x0000000082000000|100%|HS|  |TAMS 0x0000000082000000, 0x0000000081f00000| Complete 
|  32|0x0000000082000000, 0x0000000082100000, 0x0000000082100000|100%|HC|  |TAMS 0x0000000082100000, 0x0000000082000000| Complete 
|  33|0x0000000082100000, 0x0000000082200000, 0x0000000082200000|100%|HC|  |TAMS 0x0000000082200000, 0x0000000082100000| Complete 
|  34|0x0000000082200000, 0x0000000082300000, 0x0000000082300000|100%|HC|  |TAMS 0x0000000082300000, 0x0000000082200000| Complete 
|  35|0x0000000082300000, 0x0000000082400000, 0x0000000082400000|100%|HC|  |TAMS 0x0000000082400000, 0x0000000082300000| Complete 
|  36|0x0000000082400000, 0x0000000082500000, 0x0000000082500000|100%|HC|  |TAMS 0x0000000082500000, 0x0000000082400000| Complete 
|  37|0x0000000082500000, 0x0000000082600000, 0x0000000082600000|100%|HC|  |TAMS 0x0000000082600000, 0x0000000082500000| Complete 
|  38|0x0000000082600000, 0x0000000082700000, 0x0000000082700000|100%|HC|  |TAMS 0x0000000082700000, 0x0000000082600000| Complete 
|  39|0x0000000082700000, 0x0000000082800000, 0x0000000082800000|100%|HC|  |TAMS 0x0000000082800000, 0x0000000082700000| Complete 
|  40|0x0000000082800000, 0x0000000082900000, 0x0000000082900000|100%|HC|  |TAMS 0x0000000082900000, 0x0000000082800000| Complete 
|  41|0x0000000082900000, 0x0000000082a00000, 0x0000000082a00000|100%|HC|  |TAMS 0x0000000082a00000, 0x0000000082900000| Complete 
|  42|0x0000000082a00000, 0x0000000082b00000, 0x0000000082b00000|100%|HC|  |TAMS 0x0000000082b00000, 0x0000000082a00000| Complete 
|  43|0x0000000082b00000, 0x0000000082c00000, 0x0000000082c00000|100%|HS|  |TAMS 0x0000000082c00000, 0x0000000082b00000| Complete 
|  44|0x0000000082c00000, 0x0000000082d00000, 0x0000000082d00000|100%|HC|  |TAMS 0x0000000082d00000, 0x0000000082c00000| Complete 
|  45|0x0000000082d00000, 0x0000000082e00000, 0x0000000082e00000|100%| O|  |TAMS 0x0000000082e00000, 0x0000000082d00000| Untracked 
|  46|0x0000000082e00000, 0x0000000082f00000, 0x0000000082f00000|100%| O|  |TAMS 0x0000000082f00000, 0x0000000082e00000| Untracked 
|  47|0x0000000082f00000, 0x0000000083000000, 0x0000000083000000|100%| O|  |TAMS 0x0000000083000000, 0x0000000082f00000| Untracked 
|  48|0x0000000083000000, 0x0000000083100000, 0x0000000083100000|100%| O|  |TAMS 0x0000000083100000, 0x0000000083000000| Untracked 
|  49|0x0000000083100000, 0x0000000083200000, 0x0000000083200000|100%| O|  |TAMS 0x0000000083200000, 0x0000000083100000| Untracked 
|  50|0x0000000083200000, 0x0000000083300000, 0x0000000083300000|100%| O|  |TAMS 0x0000000083300000, 0x0000000083200000| Untracked 
|  51|0x0000000083300000, 0x0000000083400000, 0x0000000083400000|100%| O|  |TAMS 0x0000000083400000, 0x0000000083300000| Untracked 
|  52|0x0000000083400000, 0x0000000083500000, 0x0000000083500000|100%| O|  |TAMS 0x0000000083500000, 0x0000000083400000| Untracked 
|  53|0x0000000083500000, 0x0000000083600000, 0x0000000083600000|100%| O|  |TAMS 0x0000000083600000, 0x0000000083500000| Untracked 
|  54|0x0000000083600000, 0x0000000083700000, 0x0000000083700000|100%|HS|  |TAMS 0x0000000083700000, 0x0000000083600000| Complete 
|  55|0x0000000083700000, 0x0000000083800000, 0x0000000083800000|100%|HC|  |TAMS 0x0000000083800000, 0x0000000083700000| Complete 
|  56|0x0000000083800000, 0x0000000083900000, 0x0000000083900000|100%|HC|  |TAMS 0x0000000083900000, 0x0000000083800000| Complete 
|  57|0x0000000083900000, 0x0000000083a00000, 0x0000000083a00000|100%| O|  |TAMS 0x0000000083a00000, 0x0000000083900000| Untracked 
|  58|0x0000000083a00000, 0x0000000083b00000, 0x0000000083b00000|100%| O|  |TAMS 0x0000000083b00000, 0x0000000083a00000| Untracked 
|  59|0x0000000083b00000, 0x0000000083c00000, 0x0000000083c00000|100%| O|  |TAMS 0x0000000083c00000, 0x0000000083b00000| Untracked 
|  60|0x0000000083c00000, 0x0000000083d00000, 0x0000000083d00000|100%| O|  |TAMS 0x0000000083d00000, 0x0000000083c00000| Untracked 
|  61|0x0000000083d00000, 0x0000000083e00000, 0x0000000083e00000|100%| O|  |TAMS 0x0000000083e00000, 0x0000000083d00000| Untracked 
|  62|0x0000000083e00000, 0x0000000083f00000, 0x0000000083f00000|100%| O|  |TAMS 0x0000000083f00000, 0x0000000083e00000| Untracked 
|  63|0x0000000083f00000, 0x0000000084000000, 0x0000000084000000|100%| O|  |TAMS 0x0000000084000000, 0x0000000083f00000| Untracked 
|  64|0x0000000084000000, 0x0000000084100000, 0x0000000084100000|100%| O|  |TAMS 0x0000000084100000, 0x0000000084000000| Untracked 
|  65|0x0000000084100000, 0x0000000084200000, 0x0000000084200000|100%| O|  |TAMS 0x0000000084200000, 0x0000000084100000| Untracked 
|  66|0x0000000084200000, 0x0000000084300000, 0x0000000084300000|100%| O|  |TAMS 0x0000000084300000, 0x0000000084200000| Untracked 
|  67|0x0000000084300000, 0x0000000084400000, 0x0000000084400000|100%| O|  |TAMS 0x0000000084400000, 0x0000000084300000| Untracked 
|  68|0x0000000084400000, 0x0000000084500000, 0x0000000084500000|100%| O|  |TAMS 0x0000000084500000, 0x0000000084400000| Untracked 
|  69|0x0000000084500000, 0x0000000084600000, 0x0000000084600000|100%|HS|  |TAMS 0x0000000084600000, 0x0000000084500000| Complete 
|  70|0x0000000084600000, 0x0000000084700000, 0x0000000084700000|100%|HC|  |TAMS 0x0000000084700000, 0x0000000084600000| Complete 
|  71|0x0000000084700000, 0x0000000084800000, 0x0000000084800000|100%|HC|  |TAMS 0x0000000084800000, 0x0000000084700000| Complete 
|  72|0x0000000084800000, 0x0000000084900000, 0x0000000084900000|100%|HC|  |TAMS 0x0000000084900000, 0x0000000084800000| Complete 
|  73|0x0000000084900000, 0x0000000084a00000, 0x0000000084a00000|100%| O|  |TAMS 0x0000000084a00000, 0x0000000084900000| Untracked 
|  74|0x0000000084a00000, 0x0000000084b00000, 0x0000000084b00000|100%| O|  |TAMS 0x0000000084b00000, 0x0000000084a00000| Untracked 
|  75|0x0000000084b00000, 0x0000000084c00000, 0x0000000084c00000|100%| O|  |TAMS 0x0000000084c00000, 0x0000000084b00000| Untracked 
|  76|0x0000000084c00000, 0x0000000084d00000, 0x0000000084d00000|100%| O|  |TAMS 0x0000000084d00000, 0x0000000084c00000| Untracked 
|  77|0x0000000084d00000, 0x0000000084e00000, 0x0000000084e00000|100%| O|  |TAMS 0x0000000084de4c00, 0x0000000084d00000| Untracked 
|  78|0x0000000084e00000, 0x0000000084f00000, 0x0000000084f00000|100%|HS|  |TAMS 0x0000000084f00000, 0x0000000084e00000| Complete 
|  79|0x0000000084f00000, 0x0000000085000000, 0x0000000085000000|100%| O|  |TAMS 0x0000000085000000, 0x0000000084f00000| Untracked 
|  80|0x0000000085000000, 0x0000000085100000, 0x0000000085100000|100%| O|  |TAMS 0x0000000085100000, 0x0000000085000000| Untracked 
|  81|0x0000000085100000, 0x0000000085200000, 0x0000000085200000|100%| O|  |TAMS 0x0000000085200000, 0x0000000085100000| Untracked 
|  82|0x0000000085200000, 0x0000000085300000, 0x0000000085300000|100%| O|  |TAMS 0x0000000085300000, 0x0000000085200000| Untracked 
|  83|0x0000000085300000, 0x0000000085400000, 0x0000000085400000|100%| O|  |TAMS 0x0000000085400000, 0x0000000085300000| Untracked 
|  84|0x0000000085400000, 0x0000000085500000, 0x0000000085500000|100%|HS|  |TAMS 0x0000000085500000, 0x0000000085400000| Complete 
|  85|0x0000000085500000, 0x0000000085600000, 0x0000000085600000|100%|HC|  |TAMS 0x0000000085600000, 0x0000000085500000| Complete 
|  86|0x0000000085600000, 0x0000000085700000, 0x0000000085700000|100%|HC|  |TAMS 0x0000000085700000, 0x0000000085600000| Complete 
|  87|0x0000000085700000, 0x0000000085800000, 0x0000000085800000|100%|HC|  |TAMS 0x0000000085800000, 0x0000000085700000| Complete 
|  88|0x0000000085800000, 0x0000000085900000, 0x0000000085900000|100%|HC|  |TAMS 0x0000000085900000, 0x0000000085800000| Complete 
|  89|0x0000000085900000, 0x0000000085a00000, 0x0000000085a00000|100%|HC|  |TAMS 0x0000000085a00000, 0x0000000085900000| Complete 
|  90|0x0000000085a00000, 0x0000000085b00000, 0x0000000085b00000|100%| O|  |TAMS 0x0000000085a00000, 0x0000000085a00000| Untracked 
|  91|0x0000000085b00000, 0x0000000085c00000, 0x0000000085c00000|100%| O|  |TAMS 0x0000000085b00000, 0x0000000085b00000| Untracked 
|  92|0x0000000085c00000, 0x0000000085d00000, 0x0000000085d00000|100%| O|  |TAMS 0x0000000085c00000, 0x0000000085c00000| Untracked 
|  93|0x0000000085d00000, 0x0000000085e00000, 0x0000000085e00000|100%| O|  |TAMS 0x0000000085d00000, 0x0000000085d00000| Untracked 
|  94|0x0000000085e00000, 0x0000000085eaea00, 0x0000000085f00000| 68%| O|  |TAMS 0x0000000085e00000, 0x0000000085e00000| Untracked 
|  95|0x0000000085f00000, 0x0000000085f00000, 0x0000000086000000|  0%| F|  |TAMS 0x0000000085f00000, 0x0000000085f00000| Untracked 
|  96|0x0000000086000000, 0x0000000086000000, 0x0000000086100000|  0%| F|  |TAMS 0x0000000086000000, 0x0000000086000000| Untracked 
|  97|0x0000000086100000, 0x0000000086100000, 0x0000000086200000|  0%| F|  |TAMS 0x0000000086100000, 0x0000000086100000| Untracked 
|  98|0x0000000086200000, 0x0000000086200000, 0x0000000086300000|  0%| F|  |TAMS 0x0000000086200000, 0x0000000086200000| Untracked 
|  99|0x0000000086300000, 0x0000000086300000, 0x0000000086400000|  0%| F|  |TAMS 0x0000000086300000, 0x0000000086300000| Untracked 
| 100|0x0000000086400000, 0x0000000086400000, 0x0000000086500000|  0%| F|  |TAMS 0x0000000086400000, 0x0000000086400000| Untracked 
| 101|0x0000000086500000, 0x0000000086500000, 0x0000000086600000|  0%| F|  |TAMS 0x0000000086500000, 0x0000000086500000| Untracked 
| 102|0x0000000086600000, 0x0000000086600000, 0x0000000086700000|  0%| F|  |TAMS 0x0000000086600000, 0x0000000086600000| Untracked 
| 103|0x0000000086700000, 0x0000000086700000, 0x0000000086800000|  0%| F|  |TAMS 0x0000000086700000, 0x0000000086700000| Untracked 
| 104|0x0000000086800000, 0x0000000086800000, 0x0000000086900000|  0%| F|  |TAMS 0x0000000086800000, 0x0000000086800000| Untracked 
| 105|0x0000000086900000, 0x0000000086900000, 0x0000000086a00000|  0%| F|  |TAMS 0x0000000086900000, 0x0000000086900000| Untracked 
| 106|0x0000000086a00000, 0x0000000086a00000, 0x0000000086b00000|  0%| F|  |TAMS 0x0000000086a00000, 0x0000000086a00000| Untracked 
| 107|0x0000000086b00000, 0x0000000086b00000, 0x0000000086c00000|  0%| F|  |TAMS 0x0000000086b00000, 0x0000000086b00000| Untracked 
| 108|0x0000000086c00000, 0x0000000086c00000, 0x0000000086d00000|  0%| F|  |TAMS 0x0000000086c00000, 0x0000000086c00000| Untracked 
| 109|0x0000000086d00000, 0x0000000086d00000, 0x0000000086e00000|  0%| F|  |TAMS 0x0000000086d00000, 0x0000000086d00000| Untracked 
| 110|0x0000000086e00000, 0x0000000086e00000, 0x0000000086f00000|  0%| F|  |TAMS 0x0000000086e00000, 0x0000000086e00000| Untracked 
| 111|0x0000000086f00000, 0x0000000086f00000, 0x0000000087000000|  0%| F|  |TAMS 0x0000000086f00000, 0x0000000086f00000| Untracked 
| 112|0x0000000087000000, 0x0000000087000000, 0x0000000087100000|  0%| F|  |TAMS 0x0000000087000000, 0x0000000087000000| Untracked 
| 113|0x0000000087100000, 0x0000000087100000, 0x0000000087200000|  0%| F|  |TAMS 0x0000000087100000, 0x0000000087100000| Untracked 
| 114|0x0000000087200000, 0x0000000087200000, 0x0000000087300000|  0%| F|  |TAMS 0x0000000087200000, 0x0000000087200000| Untracked 
| 115|0x0000000087300000, 0x0000000087300000, 0x0000000087400000|  0%| F|  |TAMS 0x0000000087300000, 0x0000000087300000| Untracked 
| 116|0x0000000087400000, 0x0000000087400000, 0x0000000087500000|  0%| F|  |TAMS 0x0000000087400000, 0x0000000087400000| Untracked 
| 117|0x0000000087500000, 0x0000000087500000, 0x0000000087600000|  0%| F|  |TAMS 0x0000000087500000, 0x0000000087500000| Untracked 
| 118|0x0000000087600000, 0x0000000087600000, 0x0000000087700000|  0%| F|  |TAMS 0x0000000087600000, 0x0000000087600000| Untracked 
| 119|0x0000000087700000, 0x0000000087700000, 0x0000000087800000|  0%| F|  |TAMS 0x0000000087700000, 0x0000000087700000| Untracked 
| 120|0x0000000087800000, 0x0000000087800000, 0x0000000087900000|  0%| F|  |TAMS 0x0000000087800000, 0x0000000087800000| Untracked 
| 121|0x0000000087900000, 0x0000000087900000, 0x0000000087a00000|  0%| F|  |TAMS 0x0000000087900000, 0x0000000087900000| Untracked 
| 122|0x0000000087a00000, 0x0000000087ac8cc0, 0x0000000087b00000| 78%| S|CS|TAMS 0x0000000087a00000, 0x0000000087a00000| Complete 
| 123|0x0000000087b00000, 0x0000000087c00000, 0x0000000087c00000|100%| S|CS|TAMS 0x0000000087b00000, 0x0000000087b00000| Complete 
| 124|0x0000000087c00000, 0x0000000087c00000, 0x0000000087d00000|  0%| F|  |TAMS 0x0000000087c00000, 0x0000000087c00000| Untracked 
| 125|0x0000000087d00000, 0x0000000087d00000, 0x0000000087e00000|  0%| F|  |TAMS 0x0000000087d00000, 0x0000000087d00000| Untracked 
| 126|0x0000000087e00000, 0x0000000087e00000, 0x0000000087f00000|  0%| F|  |TAMS 0x0000000087e00000, 0x0000000087e00000| Untracked 
| 127|0x0000000087f00000, 0x0000000087f00000, 0x0000000088000000|  0%| F|  |TAMS 0x0000000087f00000, 0x0000000087f00000| Untracked 
| 128|0x0000000088000000, 0x0000000088000000, 0x0000000088100000|  0%| F|  |TAMS 0x0000000088000000, 0x0000000088000000| Untracked 
| 129|0x0000000088100000, 0x0000000088100000, 0x0000000088200000|  0%| F|  |TAMS 0x0000000088100000, 0x0000000088100000| Untracked 
| 130|0x0000000088200000, 0x0000000088200000, 0x0000000088300000|  0%| F|  |TAMS 0x0000000088200000, 0x0000000088200000| Untracked 
| 131|0x0000000088300000, 0x0000000088300000, 0x0000000088400000|  0%| F|  |TAMS 0x0000000088300000, 0x0000000088300000| Untracked 
| 132|0x0000000088400000, 0x0000000088400000, 0x0000000088500000|  0%| F|  |TAMS 0x0000000088400000, 0x0000000088400000| Untracked 
| 133|0x0000000088500000, 0x0000000088500000, 0x0000000088600000|  0%| F|  |TAMS 0x0000000088500000, 0x0000000088500000| Untracked 
| 134|0x0000000088600000, 0x0000000088600000, 0x0000000088700000|  0%| F|  |TAMS 0x0000000088600000, 0x0000000088600000| Untracked 
| 135|0x0000000088700000, 0x0000000088700000, 0x0000000088800000|  0%| F|  |TAMS 0x0000000088700000, 0x0000000088700000| Untracked 
| 136|0x0000000088800000, 0x0000000088800000, 0x0000000088900000|  0%| F|  |TAMS 0x0000000088800000, 0x0000000088800000| Untracked 
| 137|0x0000000088900000, 0x0000000088999d40, 0x0000000088a00000| 60%| E|  |TAMS 0x0000000088900000, 0x0000000088900000| Complete 
| 138|0x0000000088a00000, 0x0000000088b00000, 0x0000000088b00000|100%| E|CS|TAMS 0x0000000088a00000, 0x0000000088a00000| Complete 
| 139|0x0000000088b00000, 0x0000000088c00000, 0x0000000088c00000|100%| E|CS|TAMS 0x0000000088b00000, 0x0000000088b00000| Complete 
| 140|0x0000000088c00000, 0x0000000088d00000, 0x0000000088d00000|100%| E|CS|TAMS 0x0000000088c00000, 0x0000000088c00000| Complete 
| 141|0x0000000088d00000, 0x0000000088e00000, 0x0000000088e00000|100%| E|CS|TAMS 0x0000000088d00000, 0x0000000088d00000| Complete 
| 142|0x0000000088e00000, 0x0000000088f00000, 0x0000000088f00000|100%| E|CS|TAMS 0x0000000088e00000, 0x0000000088e00000| Complete 
| 143|0x0000000088f00000, 0x0000000089000000, 0x0000000089000000|100%| E|CS|TAMS 0x0000000088f00000, 0x0000000088f00000| Complete 
| 144|0x0000000089000000, 0x0000000089100000, 0x0000000089100000|100%| E|CS|TAMS 0x0000000089000000, 0x0000000089000000| Complete 
| 145|0x0000000089100000, 0x0000000089200000, 0x0000000089200000|100%| E|CS|TAMS 0x0000000089100000, 0x0000000089100000| Complete 
| 146|0x0000000089200000, 0x0000000089300000, 0x0000000089300000|100%| E|CS|TAMS 0x0000000089200000, 0x0000000089200000| Complete 
| 147|0x0000000089300000, 0x0000000089400000, 0x0000000089400000|100%| E|CS|TAMS 0x0000000089300000, 0x0000000089300000| Complete 
| 148|0x0000000089400000, 0x0000000089500000, 0x0000000089500000|100%| E|CS|TAMS 0x0000000089400000, 0x0000000089400000| Complete 
| 149|0x0000000089500000, 0x0000000089600000, 0x0000000089600000|100%| E|CS|TAMS 0x0000000089500000, 0x0000000089500000| Complete 
| 150|0x0000000089600000, 0x0000000089700000, 0x0000000089700000|100%| E|CS|TAMS 0x0000000089600000, 0x0000000089600000| Complete 
| 151|0x0000000089700000, 0x0000000089800000, 0x0000000089800000|100%| E|CS|TAMS 0x0000000089700000, 0x0000000089700000| Complete 
| 152|0x0000000089800000, 0x0000000089900000, 0x0000000089900000|100%| E|CS|TAMS 0x0000000089800000, 0x0000000089800000| Complete 
| 153|0x0000000089900000, 0x0000000089a00000, 0x0000000089a00000|100%| E|CS|TAMS 0x0000000089900000, 0x0000000089900000| Complete 
| 154|0x0000000089a00000, 0x0000000089b00000, 0x0000000089b00000|100%| E|CS|TAMS 0x0000000089a00000, 0x0000000089a00000| Complete 
| 155|0x0000000089b00000, 0x0000000089c00000, 0x0000000089c00000|100%| E|CS|TAMS 0x0000000089b00000, 0x0000000089b00000| Complete 
| 156|0x0000000089c00000, 0x0000000089d00000, 0x0000000089d00000|100%| E|CS|TAMS 0x0000000089c00000, 0x0000000089c00000| Complete 
| 157|0x0000000089d00000, 0x0000000089e00000, 0x0000000089e00000|100%| E|CS|TAMS 0x0000000089d00000, 0x0000000089d00000| Complete 
| 158|0x0000000089e00000, 0x0000000089f00000, 0x0000000089f00000|100%| E|CS|TAMS 0x0000000089e00000, 0x0000000089e00000| Complete 
| 159|0x0000000089f00000, 0x000000008a000000, 0x000000008a000000|100%| E|CS|TAMS 0x0000000089f00000, 0x0000000089f00000| Complete 
| 160|0x000000008a000000, 0x000000008a100000, 0x000000008a100000|100%| E|CS|TAMS 0x000000008a000000, 0x000000008a000000| Complete 
| 161|0x000000008a100000, 0x000000008a200000, 0x000000008a200000|100%| E|CS|TAMS 0x000000008a100000, 0x000000008a100000| Complete 
| 162|0x000000008a200000, 0x000000008a300000, 0x000000008a300000|100%| E|CS|TAMS 0x000000008a200000, 0x000000008a200000| Complete 
| 163|0x000000008a300000, 0x000000008a400000, 0x000000008a400000|100%| E|CS|TAMS 0x000000008a300000, 0x000000008a300000| Complete 
| 164|0x000000008a400000, 0x000000008a500000, 0x000000008a500000|100%| E|CS|TAMS 0x000000008a400000, 0x000000008a400000| Complete 
| 165|0x000000008a500000, 0x000000008a600000, 0x000000008a600000|100%| E|CS|TAMS 0x000000008a500000, 0x000000008a500000| Complete 
| 166|0x000000008a600000, 0x000000008a700000, 0x000000008a700000|100%| E|CS|TAMS 0x000000008a600000, 0x000000008a600000| Complete 
| 167|0x000000008a700000, 0x000000008a800000, 0x000000008a800000|100%| E|CS|TAMS 0x000000008a700000, 0x000000008a700000| Complete 
| 168|0x000000008a800000, 0x000000008a900000, 0x000000008a900000|100%| E|CS|TAMS 0x000000008a800000, 0x000000008a800000| Complete 

Card table byte_map: [0x000001774de60000,0x000001774e260000] _byte_map_base: 0x000001774da60000

Marking Bits (Prev, Next): (CMBitMap*) 0x000001773979a7f0, (CMBitMap*) 0x000001773979a7b0
 Prev Bits: [0x0000017750660000, 0x0000017752660000)
 Next Bits: [0x000001774e660000, 0x0000017750660000)

Polling page: 0x00000177395d0000

Metaspace:

Usage:
  Non-class:     74.03 MB used.
      Class:     11.37 MB used.
       Both:     85.40 MB used.

Virtual space:
  Non-class space:      128.00 MB reserved,      74.38 MB ( 58%) committed,  2 nodes.
      Class space:        1.00 GB reserved,      11.69 MB (  1%) committed,  1 nodes.
             Both:        1.12 GB reserved,      86.06 MB (  7%) committed. 

Chunk freelists:
   Non-Class:  5.00 MB
       Class:  4.36 MB
        Both:  9.36 MB

MaxMetaspaceSize: unlimited
CompressedClassSpaceSize: 1.00 GB
Initial GC threshold: 21.00 MB
Current GC threshold: 137.62 MB
CDS: off
MetaspaceReclaimPolicy: balanced
 - commit_granule_bytes: 65536.
 - commit_granule_words: 8192.
 - virtual_space_node_default_size: 8388608.
 - enlarge_chunks_in_place: 1.
 - new_chunks_are_fully_committed: 0.
 - uncommit_free_chunks: 1.
 - use_allocation_guard: 0.
 - handle_deallocations: 1.


Internal statistics:

num_allocs_failed_limit: 3.
num_arena_births: 730.
num_arena_deaths: 0.
num_vsnodes_births: 3.
num_vsnodes_deaths: 0.
num_space_committed: 1375.
num_space_uncommitted: 0.
num_chunks_returned_to_freelist: 3.
num_chunks_taken_from_freelist: 3562.
num_chunk_merges: 3.
num_chunk_splits: 2654.
num_chunks_enlarged: 2098.
num_inconsistent_stats: 0.

CodeHeap 'non-profiled nmethods': size=120000Kb used=2670Kb max_used=2954Kb free=117329Kb
 bounds [0x0000017745f00000, 0x00000177461f0000, 0x000001774d430000]
CodeHeap 'profiled nmethods': size=120000Kb used=10579Kb max_used=10681Kb free=109420Kb
 bounds [0x000001773e430000, 0x000001773eee0000, 0x0000017745960000]
CodeHeap 'non-nmethods': size=5760Kb used=2384Kb max_used=2430Kb free=3375Kb
 bounds [0x0000017745960000, 0x0000017745be0000, 0x0000017745f00000]
 total_blobs=6334 nmethods=5415 adapters=831
 compilation: enabled
              stopped_count=0, restarted_count=0
 full_count=0

Compilation events (20 events):
Event: 38.930 Thread 0x000001775901d750 nmethod 6336 0x000001773e438990 code [0x000001773e438b40, 0x000001773e438cd8]
Event: 38.930 Thread 0x000001775901d750 6338       3       org.jetbrains.kotlin.name.FqNameUnsafe$1::invoke (9 bytes)
Event: 38.932 Thread 0x000001775901d750 nmethod 6338 0x000001773e4a9890 code [0x000001773e4a9ac0, 0x000001773e4aa208]
Event: 38.932 Thread 0x000001775901d750 6337       3       java.util.concurrent.locks.ReentrantLock$Sync::tryLockNanos (36 bytes)
Event: 38.933 Thread 0x000001775901d750 nmethod 6337 0x000001773e69f390 code [0x000001773e69f580, 0x000001773e69fa38]
Event: 38.933 Thread 0x000001775901d750 6340       3       org.jetbrains.kotlin.com.intellij.openapi.util.io.FileUtilRt::getExtension (40 bytes)
Event: 38.934 Thread 0x000001775901d750 nmethod 6340 0x000001773e4a8c90 code [0x000001773e4a8ec0, 0x000001773e4a9608]
Event: 38.940 Thread 0x000001775901d750 6341   !   3       org.jetbrains.kotlin.storage.CancellableSimpleLock::lock (44 bytes)
Event: 38.941 Thread 0x000001775901d750 nmethod 6341 0x000001773e4a8490 code [0x000001773e4a8660, 0x000001773e4a8ac8]
Event: 38.942 Thread 0x000001775901d750 6342       3       org.jetbrains.kotlin.com.intellij.util.SmartList::checkOutOfBounds (58 bytes)
Event: 38.945 Thread 0x000001775901d750 nmethod 6342 0x000001773e4a7690 code [0x000001773e4a7900, 0x000001773e4a8158]
Event: 38.945 Thread 0x000001775901d750 6346       1       org.jetbrains.kotlin.cli.jvm.index.JvmDependenciesIndexImpl$TraverseRequest::getAcceptedRootTypes (5 bytes)
Event: 38.945 Thread 0x000001775901d750 nmethod 6346 0x0000017745f90810 code [0x0000017745f909a0, 0x0000017745f90a78]
Event: 38.945 Thread 0x000001775901d750 6344       1       org.jetbrains.kotlin.cli.jvm.index.JvmDependenciesIndexImpl$FindClassRequest::getAcceptedRootTypes (5 bytes)
Event: 38.946 Thread 0x000001775901d750 nmethod 6344 0x0000017745f90510 code [0x0000017745f906a0, 0x0000017745f90778]
Event: 38.946 Thread 0x000001775901d750 6343       3       kotlin.collections.MapsKt__MapsKt::emptyMap (13 bytes)
Event: 38.946 Thread 0x000001775901d750 nmethod 6343 0x000001773e5f5990 code [0x000001773e5f5b20, 0x000001773e5f5c78]
Event: 38.947 Thread 0x000001775901d750 6349  s!   3       jdk.internal.jrtfs.JrtDirectoryStream::iterator (76 bytes)
Event: 38.948 Thread 0x000001775901d750 nmethod 6349 0x000001773e4a6a90 code [0x000001773e4a6ca0, 0x000001773e4a73b8]
Event: 38.948 Thread 0x000001775901d750 6350       3       jdk.internal.jrtfs.JrtFileSystem::iteratorOf (98 bytes)

GC Heap History (20 events):
Event: 21.767 GC heap before
{Heap before GC invocations=23 (full 0):
 garbage-first heap   total 132096K, used 102462K [0x0000000080000000, 0x0000000100000000)
  region size 1024K, 38 young (38912K), 3 survivors (3072K)
 Metaspace       used 56703K, committed 57280K, reserved 1114112K
  class space    used 7982K, committed 8256K, reserved 1048576K
}
Event: 21.776 GC heap after
{Heap after GC invocations=24 (full 0):
 garbage-first heap   total 132096K, used 67885K [0x0000000080000000, 0x0000000100000000)
  region size 1024K, 4 young (4096K), 4 survivors (4096K)
 Metaspace       used 56703K, committed 57280K, reserved 1114112K
  class space    used 7982K, committed 8256K, reserved 1048576K
}
Event: 25.791 GC heap before
{Heap before GC invocations=25 (full 0):
 garbage-first heap   total 132096K, used 103725K [0x0000000080000000, 0x0000000100000000)
  region size 1024K, 39 young (39936K), 4 survivors (4096K)
 Metaspace       used 61062K, committed 61696K, reserved 1114112K
  class space    used 8544K, committed 8832K, reserved 1048576K
}
Event: 25.808 GC heap after
{Heap after GC invocations=26 (full 0):
 garbage-first heap   total 132096K, used 69551K [0x0000000080000000, 0x0000000100000000)
  region size 1024K, 3 young (3072K), 3 survivors (3072K)
 Metaspace       used 61062K, committed 61696K, reserved 1114112K
  class space    used 8544K, committed 8832K, reserved 1048576K
}
Event: 26.128 GC heap before
{Heap before GC invocations=26 (full 0):
 garbage-first heap   total 132096K, used 71599K [0x0000000080000000, 0x0000000100000000)
  region size 1024K, 6 young (6144K), 3 survivors (3072K)
 Metaspace       used 61484K, committed 62144K, reserved 1114112K
  class space    used 8593K, committed 8896K, reserved 1048576K
}
Event: 26.145 GC heap after
{Heap after GC invocations=27 (full 0):
 garbage-first heap   total 132096K, used 69433K [0x0000000080000000, 0x0000000100000000)
  region size 1024K, 1 young (1024K), 1 survivors (1024K)
 Metaspace       used 61484K, committed 62144K, reserved 1114112K
  class space    used 8593K, committed 8896K, reserved 1048576K
}
Event: 27.087 GC heap before
{Heap before GC invocations=27 (full 0):
 garbage-first heap   total 132096K, used 83769K [0x0000000080000000, 0x0000000100000000)
  region size 1024K, 16 young (16384K), 1 survivors (1024K)
 Metaspace       used 63516K, committed 64192K, reserved 1114112K
  class space    used 8850K, committed 9152K, reserved 1048576K
}
Event: 27.091 GC heap after
{Heap after GC invocations=28 (full 0):
 garbage-first heap   total 132096K, used 69584K [0x0000000080000000, 0x0000000100000000)
  region size 1024K, 1 young (1024K), 1 survivors (1024K)
 Metaspace       used 63516K, committed 64192K, reserved 1114112K
  class space    used 8850K, committed 9152K, reserved 1048576K
}
Event: 28.904 GC heap before
{Heap before GC invocations=29 (full 0):
 garbage-first heap   total 137216K, used 112592K [0x0000000080000000, 0x0000000100000000)
  region size 1024K, 39 young (39936K), 1 survivors (1024K)
 Metaspace       used 68895K, committed 69568K, reserved 1114112K
  class space    used 9528K, committed 9856K, reserved 1048576K
}
Event: 28.911 GC heap after
{Heap after GC invocations=30 (full 0):
 garbage-first heap   total 137216K, used 74441K [0x0000000080000000, 0x0000000100000000)
  region size 1024K, 2 young (2048K), 2 survivors (2048K)
 Metaspace       used 68895K, committed 69568K, reserved 1114112K
  class space    used 9528K, committed 9856K, reserved 1048576K
}
Event: 29.149 GC heap before
{Heap before GC invocations=30 (full 0):
 garbage-first heap   total 137216K, used 78537K [0x0000000080000000, 0x0000000100000000)
  region size 1024K, 7 young (7168K), 2 survivors (2048K)
 Metaspace       used 69738K, committed 70400K, reserved 1114112K
  class space    used 9640K, committed 9920K, reserved 1048576K
}
Event: 29.153 GC heap after
{Heap after GC invocations=31 (full 0):
 garbage-first heap   total 137216K, used 74571K [0x0000000080000000, 0x0000000100000000)
  region size 1024K, 2 young (2048K), 2 survivors (2048K)
 Metaspace       used 69738K, committed 70400K, reserved 1114112K
  class space    used 9640K, committed 9920K, reserved 1048576K
}
Event: 29.865 GC heap before
{Heap before GC invocations=32 (full 0):
 garbage-first heap   total 138240K, used 121675K [0x0000000080000000, 0x0000000100000000)
  region size 1024K, 41 young (41984K), 2 survivors (2048K)
 Metaspace       used 70157K, committed 70784K, reserved 1114112K
  class space    used 9677K, committed 9984K, reserved 1048576K
}
Event: 29.893 GC heap after
{Heap after GC invocations=33 (full 0):
 garbage-first heap   total 138240K, used 84402K [0x0000000080000000, 0x0000000100000000)
  region size 1024K, 6 young (6144K), 6 survivors (6144K)
 Metaspace       used 70157K, committed 70784K, reserved 1114112K
  class space    used 9677K, committed 9984K, reserved 1048576K
}
Event: 31.725 GC heap before
{Heap before GC invocations=33 (full 0):
 garbage-first heap   total 138240K, used 113074K [0x0000000080000000, 0x0000000100000000)
  region size 1024K, 34 young (34816K), 6 survivors (6144K)
 Metaspace       used 73734K, committed 74432K, reserved 1114112K
  class space    used 10106K, committed 10432K, reserved 1048576K
}
Event: 31.744 GC heap after
{Heap after GC invocations=34 (full 0):
 garbage-first heap   total 165888K, used 86577K [0x0000000080000000, 0x0000000100000000)
  region size 1024K, 2 young (2048K), 2 survivors (2048K)
 Metaspace       used 73734K, committed 74432K, reserved 1114112K
  class space    used 10106K, committed 10432K, reserved 1048576K
}
Event: 34.233 GC heap before
{Heap before GC invocations=35 (full 0):
 garbage-first heap   total 165888K, used 139825K [0x0000000080000000, 0x0000000100000000)
  region size 1024K, 47 young (48128K), 2 survivors (2048K)
 Metaspace       used 78709K, committed 79360K, reserved 1179648K
  class space    used 10587K, committed 10880K, reserved 1048576K
}
Event: 34.246 GC heap after
{Heap after GC invocations=36 (full 0):
 garbage-first heap   total 165888K, used 96935K [0x0000000080000000, 0x0000000100000000)
  region size 1024K, 5 young (5120K), 5 survivors (5120K)
 Metaspace       used 78709K, committed 79360K, reserved 1179648K
  class space    used 10587K, committed 10880K, reserved 1048576K
}
Event: 37.156 GC heap before
{Heap before GC invocations=36 (full 0):
 garbage-first heap   total 165888K, used 135847K [0x0000000080000000, 0x0000000100000000)
  region size 1024K, 43 young (44032K), 5 survivors (5120K)
 Metaspace       used 83497K, committed 84160K, reserved 1179648K
  class space    used 11121K, committed 11456K, reserved 1048576K
}
Event: 37.173 GC heap after
{Heap after GC invocations=37 (full 0):
 garbage-first heap   total 165888K, used 98781K [0x0000000080000000, 0x0000000100000000)
  region size 1024K, 2 young (2048K), 2 survivors (2048K)
 Metaspace       used 83497K, committed 84160K, reserved 1179648K
  class space    used 11121K, committed 11456K, reserved 1048576K
}

Dll operation events (3 events):
Event: 0.057 Loaded shared library C:\Program Files\Android\Android Studio\jbr\bin\java.dll
Event: 0.726 Loaded shared library C:\Program Files\Android\Android Studio\jbr\bin\zip.dll
Event: 1.745 Loaded shared library C:\Program Files\Android\Android Studio\jbr\bin\verify.dll

Deoptimization events (20 events):
Event: 36.573 Thread 0x000001775ab17890 DEOPT PACKING pc=0x0000017745f2dc7c sp=0x000000292b1f4a70
Event: 36.573 Thread 0x000001775ab17890 DEOPT UNPACKING pc=0x00000177459b69a3 sp=0x000000292b1f4958 mode 2
Event: 36.584 Thread 0x000001775ab17890 Uncommon trap: trap_request=0xffffffc6 fr.pc=0x0000017745f2dc7c relative=0x000000000000061c
Event: 36.584 Thread 0x000001775ab17890 Uncommon trap: reason=bimorphic_or_optimized_type_check action=maybe_recompile pc=0x0000017745f2dc7c method=org.jetbrains.kotlin.protobuf.CodedInputStream.tryRefillBuffer(I)Z @ 177 c2
Event: 36.584 Thread 0x000001775ab17890 DEOPT PACKING pc=0x0000017745f2dc7c sp=0x000000292b1f4a70
Event: 36.584 Thread 0x000001775ab17890 DEOPT UNPACKING pc=0x00000177459b69a3 sp=0x000000292b1f4958 mode 2
Event: 36.586 Thread 0x000001775ab17890 Uncommon trap: trap_request=0xffffffc6 fr.pc=0x0000017745f2dc7c relative=0x000000000000061c
Event: 36.586 Thread 0x000001775ab17890 Uncommon trap: reason=bimorphic_or_optimized_type_check action=maybe_recompile pc=0x0000017745f2dc7c method=org.jetbrains.kotlin.protobuf.CodedInputStream.tryRefillBuffer(I)Z @ 177 c2
Event: 36.586 Thread 0x000001775ab17890 DEOPT PACKING pc=0x0000017745f2dc7c sp=0x000000292b1f4940
Event: 36.586 Thread 0x000001775ab17890 DEOPT UNPACKING pc=0x00000177459b69a3 sp=0x000000292b1f4820 mode 2
Event: 36.594 Thread 0x000001775ab17890 Uncommon trap: trap_request=0xffffffc6 fr.pc=0x0000017745f2dc7c relative=0x000000000000061c
Event: 36.594 Thread 0x000001775ab17890 Uncommon trap: reason=bimorphic_or_optimized_type_check action=maybe_recompile pc=0x0000017745f2dc7c method=org.jetbrains.kotlin.protobuf.CodedInputStream.tryRefillBuffer(I)Z @ 177 c2
Event: 36.594 Thread 0x000001775ab17890 DEOPT PACKING pc=0x0000017745f2dc7c sp=0x000000292b1f4940
Event: 36.594 Thread 0x000001775ab17890 DEOPT UNPACKING pc=0x00000177459b69a3 sp=0x000000292b1f4820 mode 2
Event: 36.643 Thread 0x000001775ab17890 Uncommon trap: trap_request=0xffffffc6 fr.pc=0x0000017745fdd514 relative=0x0000000000000334
Event: 36.643 Thread 0x000001775ab17890 Uncommon trap: reason=bimorphic_or_optimized_type_check action=maybe_recompile pc=0x0000017745fdd514 method=org.jetbrains.kotlin.protobuf.CodedInputStream.tryRefillBuffer(I)Z @ 177 c2
Event: 36.643 Thread 0x000001775ab17890 DEOPT PACKING pc=0x0000017745fdd514 sp=0x000000292b1f4440
Event: 36.643 Thread 0x000001775ab17890 DEOPT UNPACKING pc=0x00000177459b69a3 sp=0x000000292b1f4378 mode 2
Event: 37.884 Thread 0x000001775ab17890 DEOPT PACKING pc=0x000001773ee881ac sp=0x000000292b1f3360
Event: 37.884 Thread 0x000001775ab17890 DEOPT UNPACKING pc=0x00000177459b7143 sp=0x000000292b1f27f0 mode 0

Classes unloaded (0 events):
No events

Classes redefined (0 events):
No events

Internal exceptions (20 events):
Event: 20.122 Thread 0x000001775ab17890 Exception <a 'java/lang/NoSuchMethodError'{0x0000000087ee18a8}: 'java.lang.Object java.lang.invoke.DirectMethodHandle$Holder.invokeStaticInit(java.lang.Object, int)'> (0x0000000087ee18a8) 
thrown [s\src\hotspot\share\interpreter\linkResolver.cpp, line 771]
Event: 20.186 Thread 0x000001775ab17890 Exception <a 'java/lang/NoSuchMethodError'{0x0000000087c52108}: 'int java.lang.invoke.DelegatingMethodHandle$Holder.reinvoke_L(java.lang.Object, java.lang.Object, java.lang.Object, long, int, int)'> (0x0000000087c52108) 
thrown [s\src\hotspot\share\interpreter\linkResolver.cpp, line 771]
Event: 20.188 Thread 0x000001775ab17890 Exception <a 'java/lang/NoSuchMethodError'{0x0000000087c61cd8}: 'int java.lang.invoke.DelegatingMethodHandle$Holder.reinvoke_L(java.lang.Object, java.lang.Object, java.lang.Object, long, long, long)'> (0x0000000087c61cd8) 
thrown [s\src\hotspot\share\interpreter\linkResolver.cpp, line 771]
Event: 20.190 Thread 0x000001775ab17890 Exception <a 'java/lang/NoSuchMethodError'{0x0000000087c71bb0}: 'int java.lang.invoke.DelegatingMethodHandle$Holder.reinvoke_L(java.lang.Object, java.lang.Object, java.lang.Object, long, java.lang.Object, java.lang.Object)'> (0x0000000087c71bb0) 
thrown [s\src\hotspot\share\interpreter\linkResolver.cpp, line 771]
Event: 20.193 Thread 0x000001775ab17890 Exception <a 'java/lang/NoSuchMethodError'{0x0000000087c81b10}: 'void java.lang.invoke.DelegatingMethodHandle$Holder.reinvoke_L(java.lang.Object, java.lang.Object, java.lang.Object, long, java.lang.Object)'> (0x0000000087c81b10) 
thrown [s\src\hotspot\share\interpreter\linkResolver.cpp, line 771]
Event: 20.194 Thread 0x000001775ab17890 Exception <a 'java/lang/NoSuchMethodError'{0x0000000087c8a198}: 'java.lang.Object java.lang.invoke.DirectMethodHandle$Holder.invokeSpecial(java.lang.Object, java.lang.Object, java.lang.Object, java.lang.Object, long)'> (0x0000000087c8a198) 
thrown [s\src\hotspot\share\interpreter\linkResolver.cpp, line 771]
Event: 20.201 Thread 0x000001775ab17890 Exception <a 'java/lang/NoSuchMethodError'{0x0000000087cb2850}: 'long java.lang.invoke.Invokers$Holder.invoke_MT(java.lang.Object, java.lang.Object, java.lang.Object, java.lang.Object)'> (0x0000000087cb2850) 
thrown [s\src\hotspot\share\interpreter\linkResolver.cpp, line 771]
Event: 20.203 Thread 0x000001775ab17890 Exception <a 'java/lang/NoSuchMethodError'{0x0000000087cbb950}: 'int java.lang.invoke.Invokers$Holder.invoke_MT(java.lang.Object, java.lang.Object, java.lang.Object, java.lang.Object)'> (0x0000000087cbb950) 
thrown [s\src\hotspot\share\interpreter\linkResolver.cpp, line 771]
Event: 20.208 Thread 0x000001775ab17890 Exception <a 'java/lang/NoSuchMethodError'{0x0000000087ccc998}: 'int java.lang.invoke.DelegatingMethodHandle$Holder.reinvoke_L(java.lang.Object, java.lang.Object, java.lang.Object, long, int)'> (0x0000000087ccc998) 
thrown [s\src\hotspot\share\interpreter\linkResolver.cpp, line 771]
Event: 20.213 Thread 0x000001775ab17890 Exception <a 'java/lang/NoSuchMethodError'{0x0000000087ce0da8}: 'java.lang.Object java.lang.invoke.Invokers$Holder.invokeExact_MT(java.lang.Object, java.lang.Object, long, java.lang.Object)'> (0x0000000087ce0da8) 
thrown [s\src\hotspot\share\interpreter\linkResolver.cpp, line 771]
Event: 26.311 Thread 0x000001775ab17890 Exception <a 'java/lang/NoSuchMethodError'{0x0000000087fa40a0}: 'long java.lang.invoke.DirectMethodHandle$Holder.invokeStatic(java.lang.Object)'> (0x0000000087fa40a0) 
thrown [s\src\hotspot\share\interpreter\linkResolver.cpp, line 771]
Event: 26.312 Thread 0x000001775ab17890 Exception <a 'java/lang/NoSuchMethodError'{0x0000000087fa8c88}: 'long java.lang.invoke.DirectMethodHandle$Holder.invokeStaticInit(java.lang.Object)'> (0x0000000087fa8c88) 
thrown [s\src\hotspot\share\interpreter\linkResolver.cpp, line 771]
Event: 27.074 Thread 0x000001775ab17890 Implicit null exception at 0x000001774609970c to 0x0000017746099842
Event: 28.215 Thread 0x000001775ab17890 Exception <a 'java/lang/NoSuchMethodError'{0x0000000086cb5588}: 'void java.lang.invoke.DirectMethodHandle$Holder.invokeVirtual(java.lang.Object, java.lang.Object)'> (0x0000000086cb5588) 
thrown [s\src\hotspot\share\interpreter\linkResolver.cpp, line 771]
Event: 29.074 Thread 0x000001775ab17890 Exception <a 'java/lang/NoSuchMethodError'{0x000000008824c868}: 'java.lang.Object java.lang.invoke.Invokers$Holder.invoke_MT(java.lang.Object, java.lang.Object, java.lang.Object)'> (0x000000008824c868) 
thrown [s\src\hotspot\share\interpreter\linkResolver.cpp, line 771]
Event: 29.620 Thread 0x000001775ab17890 Implicit null exception at 0x00000177461ca24f to 0x00000177461cb8e8
Event: 38.831 Thread 0x000001775ab17890 Exception <a 'java/lang/NoSuchMethodError'{0x00000000890d3540}: 'java.lang.Object java.lang.invoke.DirectMethodHandle$Holder.invokeStatic(java.lang.Object, java.lang.Object, java.lang.Object, java.lang.Object, int)'> (0x00000000890d3540) 
thrown [s\src\hotspot\share\interpreter\linkResolver.cpp, line 771]
Event: 38.833 Thread 0x000001775ab17890 Exception <a 'java/lang/NoSuchMethodError'{0x00000000890de3d0}: 'java.lang.Object java.lang.invoke.DirectMethodHandle$Holder.newInvokeSpecial(java.lang.Object, java.lang.Object, java.lang.Object, java.lang.Object, int)'> (0x00000000890de3d0) 
thrown [s\src\hotspot\share\interpreter\linkResolver.cpp, line 771]
Event: 38.833 Thread 0x000001775ab17890 Exception <a 'java/lang/NoSuchMethodError'{0x00000000890e43f8}: 'java.lang.Object java.lang.invoke.DirectMethodHandle$Holder.invokeSpecial(java.lang.Object, java.lang.Object, java.lang.Object, java.lang.Object, java.lang.Object, int)'> (0x00000000890e43f8) 
thrown [s\src\hotspot\share\interpreter\linkResolver.cpp, line 771]
Event: 38.834 Thread 0x000001775ab17890 Exception <a 'java/lang/NoSuchMethodError'{0x00000000890e9dd0}: 'java.lang.Object java.lang.invoke.Invokers$Holder.linkToTargetMethod(java.lang.Object, java.lang.Object, java.lang.Object, int, java.lang.Object)'> (0x00000000890e9dd0) 
thrown [s\src\hotspot\share\interpreter\linkResolver.cpp, line 771]

VM Operations (20 events):
Event: 36.011 Executing VM operation: HandshakeAllThreads
Event: 36.011 Executing VM operation: HandshakeAllThreads done
Event: 36.071 Executing VM operation: HandshakeAllThreads
Event: 36.071 Executing VM operation: HandshakeAllThreads done
Event: 36.562 Executing VM operation: HandshakeAllThreads
Event: 36.562 Executing VM operation: HandshakeAllThreads done
Event: 36.562 Executing VM operation: Cleanup
Event: 36.563 Executing VM operation: Cleanup done
Event: 37.156 Executing VM operation: G1CollectForAllocation
Event: 37.173 Executing VM operation: G1CollectForAllocation done
Event: 37.483 Executing VM operation: G1Concurrent
Event: 37.492 Executing VM operation: G1Concurrent done
Event: 37.595 Executing VM operation: G1Concurrent
Event: 37.595 Executing VM operation: G1Concurrent done
Event: 38.595 Executing VM operation: Cleanup
Event: 38.612 Executing VM operation: Cleanup done
Event: 38.747 Executing VM operation: HandshakeAllThreads
Event: 38.747 Executing VM operation: HandshakeAllThreads done
Event: 38.755 Executing VM operation: HandshakeAllThreads
Event: 38.755 Executing VM operation: HandshakeAllThreads done

Events (20 events):
Event: 30.283 Thread 0x00000177590893f0 flushing nmethod 0x000001773ee5d990
Event: 30.283 Thread 0x00000177590893f0 flushing nmethod 0x000001773ee5e810
Event: 30.283 Thread 0x00000177590893f0 flushing nmethod 0x000001773ee63990
Event: 30.283 Thread 0x00000177590893f0 flushing nmethod 0x000001773ee65b90
Event: 36.010 loading class java/util/ArrayList$ListItr
Event: 36.010 loading class java/util/ArrayList$ListItr done
Event: 37.074 loading class java/text/StringCharacterIterator
Event: 37.074 loading class java/text/CharacterIterator
Event: 37.075 loading class java/text/CharacterIterator done
Event: 37.075 loading class java/text/StringCharacterIterator done
Event: 37.445 loading class java/io/NotSerializableException
Event: 37.445 loading class java/io/NotSerializableException done
Event: 38.644 loading class java/util/function/IntUnaryOperator
Event: 38.644 loading class java/util/function/IntUnaryOperator done
Event: 38.753 loading class java/util/AbstractList$SubList
Event: 38.753 loading class java/util/AbstractList$SubList done
Event: 38.753 loading class java/util/AbstractList$SubList$1
Event: 38.754 loading class java/util/AbstractList$SubList$1 done
Event: 38.754 loading class java/util/AbstractList$ListItr
Event: 38.754 loading class java/util/AbstractList$ListItr done


Dynamic libraries:
0x00007ff669a80000 - 0x00007ff669a8a000 	C:\Program Files\Android\Android Studio\jbr\bin\java.exe
0x00007ffbee2d0000 - 0x00007ffbee4e7000 	C:\Windows\SYSTEM32\ntdll.dll
0x00007ffbed650000 - 0x00007ffbed714000 	C:\Windows\System32\KERNEL32.DLL
0x00007ffbebba0000 - 0x00007ffbebf46000 	C:\Windows\System32\KERNELBASE.dll
0x00007ffbeba80000 - 0x00007ffbebb91000 	C:\Windows\System32\ucrtbase.dll
0x00007ffbd41e0000 - 0x00007ffbd41f7000 	C:\Program Files\Android\Android Studio\jbr\bin\jli.dll
0x00007ffbec1c0000 - 0x00007ffbec36e000 	C:\Windows\System32\USER32.dll
0x00007ffbebfc0000 - 0x00007ffbebfe6000 	C:\Windows\System32\win32u.dll
0x00007ffbec190000 - 0x00007ffbec1b9000 	C:\Windows\System32\GDI32.dll
0x00007ffbeb610000 - 0x00007ffbeb728000 	C:\Windows\System32\gdi32full.dll
0x00007ffbeb730000 - 0x00007ffbeb7ca000 	C:\Windows\System32\msvcp_win.dll
0x00007ffbd8ea0000 - 0x00007ffbd8ebb000 	C:\Program Files\Android\Android Studio\jbr\bin\VCRUNTIME140.dll
0x00007ffbcc800000 - 0x00007ffbcca93000 	C:\Windows\WinSxS\amd64_microsoft.windows.common-controls_6595b64144ccf1df_6.0.22621.2506_none_270c5ae97388e100\COMCTL32.dll
0x00007ffbec5c0000 - 0x00007ffbec667000 	C:\Windows\System32\msvcrt.dll
0x00007ffbed460000 - 0x00007ffbed491000 	C:\Windows\System32\IMM32.DLL
0x00007ffbe56a0000 - 0x00007ffbe56ac000 	C:\Program Files\Android\Android Studio\jbr\bin\vcruntime140_1.dll
0x00007ffbbff00000 - 0x00007ffbbff8d000 	C:\Program Files\Android\Android Studio\jbr\bin\msvcp140.dll
0x00007ffb848e0000 - 0x00007ffb85560000 	C:\Program Files\Android\Android Studio\jbr\bin\server\jvm.dll
0x00007ffbec020000 - 0x00007ffbec0d3000 	C:\Windows\System32\ADVAPI32.dll
0x00007ffbec510000 - 0x00007ffbec5b8000 	C:\Windows\System32\sechost.dll
0x00007ffbebff0000 - 0x00007ffbec018000 	C:\Windows\System32\bcrypt.dll
0x00007ffbec370000 - 0x00007ffbec487000 	C:\Windows\System32\RPCRT4.dll
0x00007ffbd9dd0000 - 0x00007ffbd9dd9000 	C:\Windows\SYSTEM32\WSOCK32.dll
0x00007ffbec490000 - 0x00007ffbec501000 	C:\Windows\System32\WS2_32.dll
0x00007ffbdfde0000 - 0x00007ffbdfe14000 	C:\Windows\SYSTEM32\WINMM.dll
0x00007ffbdfd30000 - 0x00007ffbdfd3a000 	C:\Windows\SYSTEM32\VERSION.dll
0x00007ffbea610000 - 0x00007ffbea628000 	C:\Windows\SYSTEM32\kernel.appcore.dll
0x00007ffbd8f10000 - 0x00007ffbd8f1a000 	C:\Program Files\Android\Android Studio\jbr\bin\jimage.dll
0x00007ffbe5eb0000 - 0x00007ffbe60e3000 	C:\Windows\SYSTEM32\DBGHELP.DLL
0x00007ffbed7d0000 - 0x00007ffbedb59000 	C:\Windows\System32\combase.dll
0x00007ffbec8a0000 - 0x00007ffbec977000 	C:\Windows\System32\OLEAUT32.dll
0x00007ffbd9310000 - 0x00007ffbd9342000 	C:\Windows\SYSTEM32\dbgcore.DLL
0x00007ffbeb7d0000 - 0x00007ffbeb84a000 	C:\Windows\System32\bcryptPrimitives.dll
0x00007ffbd5bf0000 - 0x00007ffbd5bfe000 	C:\Program Files\Android\Android Studio\jbr\bin\instrument.dll
0x00007ffbd8ee0000 - 0x00007ffbd8f05000 	C:\Program Files\Android\Android Studio\jbr\bin\java.dll
0x00007ffbd4e00000 - 0x00007ffbd4e18000 	C:\Program Files\Android\Android Studio\jbr\bin\zip.dll
0x00007ffbecc00000 - 0x00007ffbed45b000 	C:\Windows\System32\SHELL32.dll
0x00007ffbe9520000 - 0x00007ffbe9e16000 	C:\Windows\SYSTEM32\windows.storage.dll
0x00007ffbe93e0000 - 0x00007ffbe951e000 	C:\Windows\SYSTEM32\wintypes.dll
0x00007ffbecb00000 - 0x00007ffbecbf3000 	C:\Windows\System32\SHCORE.dll
0x00007ffbee150000 - 0x00007ffbee1ae000 	C:\Windows\System32\shlwapi.dll
0x00007ffbeb540000 - 0x00007ffbeb566000 	C:\Windows\SYSTEM32\profapi.dll
0x00007ffbd4de0000 - 0x00007ffbd4df9000 	C:\Program Files\Android\Android Studio\jbr\bin\net.dll
0x00007ffbdf9c0000 - 0x00007ffbdfaf7000 	C:\Windows\SYSTEM32\WINHTTP.dll
0x00007ffbeaa80000 - 0x00007ffbeaae9000 	C:\Windows\system32\mswsock.dll
0x00007ffbd4980000 - 0x00007ffbd4996000 	C:\Program Files\Android\Android Studio\jbr\bin\nio.dll
0x00007ffbd5830000 - 0x00007ffbd5840000 	C:\Program Files\Android\Android Studio\jbr\bin\verify.dll
0x00007ffbd8790000 - 0x00007ffbd87b7000 	C:\Users\91775\.gradle\native\68d5fa5c4cc2d200863cafc0d521ce42e7d3e7ee720ec0a83991735586a16f82\windows-amd64\native-platform.dll
0x00007ffbaa790000 - 0x00007ffbaa8d4000 	C:\Users\91775\.gradle\native\e376f236ea51e6404a007f0833ffe2c6e607c4080706a723a18a27aeea778392\windows-amd64\native-platform-file-events.dll
0x00007ffbd5c10000 - 0x00007ffbd5c19000 	C:\Program Files\Android\Android Studio\jbr\bin\management.dll
0x00007ffbd5c00000 - 0x00007ffbd5c0b000 	C:\Program Files\Android\Android Studio\jbr\bin\management_ext.dll
0x00007ffbed4a0000 - 0x00007ffbed4a8000 	C:\Windows\System32\PSAPI.DLL
0x00007ffbeadd0000 - 0x00007ffbeadeb000 	C:\Windows\SYSTEM32\CRYPTSP.dll
0x00007ffbea570000 - 0x00007ffbea5a5000 	C:\Windows\system32\rsaenh.dll
0x00007ffbeab20000 - 0x00007ffbeab4c000 	C:\Windows\SYSTEM32\USERENV.dll
0x00007ffbeadb0000 - 0x00007ffbeadbc000 	C:\Windows\SYSTEM32\CRYPTBASE.dll
0x00007ffbea080000 - 0x00007ffbea0ad000 	C:\Windows\SYSTEM32\IPHLPAPI.DLL
0x00007ffbecae0000 - 0x00007ffbecae9000 	C:\Windows\System32\NSI.dll
0x00007ffbdf240000 - 0x00007ffbdf259000 	C:\Windows\SYSTEM32\dhcpcsvc6.DLL
0x00007ffbdf1d0000 - 0x00007ffbdf1ef000 	C:\Windows\SYSTEM32\dhcpcsvc.DLL
0x00007ffbea0f0000 - 0x00007ffbea1e9000 	C:\Windows\SYSTEM32\DNSAPI.dll
0x00007ffbd8680000 - 0x00007ffbd8688000 	C:\Windows\system32\wshunix.dll

dbghelp: loaded successfully - version: 4.0.5 - missing functions: none
symbol engine: initialized successfully - sym options: 0x614 - pdb path: .;C:\Program Files\Android\Android Studio\jbr\bin;C:\Windows\SYSTEM32;C:\Windows\WinSxS\amd64_microsoft.windows.common-controls_6595b64144ccf1df_6.0.22621.2506_none_270c5ae97388e100;C:\Program Files\Android\Android Studio\jbr\bin\server;C:\Users\91775\.gradle\native\68d5fa5c4cc2d200863cafc0d521ce42e7d3e7ee720ec0a83991735586a16f82\windows-amd64;C:\Users\91775\.gradle\native\e376f236ea51e6404a007f0833ffe2c6e607c4080706a723a18a27aeea778392\windows-amd64

VM Arguments:
jvm_args: --add-opens=java.base/java.util=ALL-UNNAMED --add-opens=java.base/java.lang=ALL-UNNAMED --add-opens=java.base/java.lang.invoke=ALL-UNNAMED --add-opens=java.prefs/java.util.prefs=ALL-UNNAMED --add-opens=java.base/java.nio.charset=ALL-UNNAMED --add-opens=java.base/java.net=ALL-UNNAMED --add-opens=java.base/java.util.concurrent.atomic=ALL-UNNAMED -Xmx2048m -Dfile.encoding=UTF-8 -Duser.country=IN -Duser.language=en -Duser.variant -javaagent:C:\Users\91775\.gradle\wrapper\dists\gradle-8.2-bin\bbg7u40eoinfdyxsxr3z4i7ta\gradle-8.2\lib\agents\gradle-instrumentation-agent-8.2.jar 
java_command: org.gradle.launcher.daemon.bootstrap.GradleDaemon 8.2
java_class_path (initial): C:\Users\91775\.gradle\wrapper\dists\gradle-8.2-bin\bbg7u40eoinfdyxsxr3z4i7ta\gradle-8.2\lib\gradle-launcher-8.2.jar
Launcher Type: SUN_STANDARD

[Global flags]
     intx CICompilerCount                          = 3                                         {product} {ergonomic}
     uint ConcGCThreads                            = 1                                         {product} {ergonomic}
     uint G1ConcRefinementThreads                  = 4                                         {product} {ergonomic}
   size_t G1HeapRegionSize                         = 1048576                                   {product} {ergonomic}
    uintx GCDrainStackTargetSize                   = 64                                        {product} {ergonomic}
   size_t InitialHeapSize                          = 134217728                                 {product} {ergonomic}
   size_t MarkStackSize                            = 4194304                                   {product} {ergonomic}
   size_t MaxHeapSize                              = 2147483648                                {product} {command line}
   size_t MaxNewSize                               = 1287651328                                {product} {ergonomic}
   size_t MinHeapDeltaBytes                        = 1048576                                   {product} {ergonomic}
   size_t MinHeapSize                              = 8388608                                   {product} {ergonomic}
    uintx NonNMethodCodeHeapSize                   = 5832780                                {pd product} {ergonomic}
    uintx NonProfiledCodeHeapSize                  = 122912730                              {pd product} {ergonomic}
    uintx ProfiledCodeHeapSize                     = 122912730                              {pd product} {ergonomic}
    uintx ReservedCodeCacheSize                    = 251658240                              {pd product} {ergonomic}
     bool SegmentedCodeCache                       = true                                      {product} {ergonomic}
   size_t SoftMaxHeapSize                          = 2147483648                             {manageable} {ergonomic}
     bool UseCompressedClassPointers               = true                           {product lp64_product} {ergonomic}
     bool UseCompressedOops                        = true                           {product lp64_product} {ergonomic}
     bool UseG1GC                                  = true                                      {product} {ergonomic}
     bool UseLargePagesIndividualAllocation        = false                                  {pd product} {ergonomic}

Logging:
Log output configuration:
 #0: stdout all=warning uptime,level,tags
 #1: stderr all=off uptime,level,tags

Environment Variables:
JAVA_HOME=C:\Program Files\Java\jdk-17.0.1
CLASSPATH=C:\Windows\system32;C:\Windows;C:\Windows\System32\Wbem;C:\Windows\System32\WindowsPowerShell\v1.0\;C:\Windows\System32\OpenSSH\;C:\MinGW\bin;C:\Program Files\Microsoft\Web Platform Installer\;C:\Program Files (x86)\Microsoft ASP.NET\ASP.NET Web Pages\v1.0\;C:\Program Files (x86)\Windows Kits\8.0\Windows Performance Toolkit\;C:\Program Files\Java\jdk-17.0.1;C:\Program Files\Apache Software Foundation\Tomcat 10.1\lib\jsp-api.jar;C:\Program Files\Apache Software Foundation\Tomcat 10.1\lib\servlet-api.jar;C:\Program Files\Java\jdk-17.0.1\bin;C:\oraclexe\app\oracle\product\10.2.0\server\jdbc\lib\ojdbc14.jar;C:\oraclexe\app\oracle\product\10.2.0\server\jdbc\lib\ojdbc14_g.jar;
PATH=C:\Windows\System32;C:\Users\91775\AppData\Local\Programs\Python\Launcher\;C:\Users\91775\AppData\Local\Microsoft\WindowsApps;C:\Users\91775\AppData\Local\Programs\Microsoft VS Code\bin;C:\oraclexe\app\oracle\product\10.2.0\server\jdbc\lib\ojdbc14.jar;
USERNAME=91775
OS=Windows_NT
PROCESSOR_IDENTIFIER=Intel64 Family 6 Model 78 Stepping 3, GenuineIntel
TMP=C:\Users\91775\AppData\Local\Temp
TEMP=C:\Users\91775\AppData\Local\Temp


JNI global refs:
JNI global refs: 25, weak refs: 15

JNI global refs memory usage: 843, weak refs: 841

OOME stack traces (most recent first):
Classloader memory used:
Loader org.gradle.internal.classloader.VisitableURLClassLoader                         : 7407K
Loader bootstrap                                                                       : 2551K
Loader org.gradle.initialization.MixInLegacyTypesClassLoader                           : 686K
Loader org.gradle.internal.classloader.VisitableURLClassLoader$InstrumentingVisitableURLClassLoader: 75780B
Loader jdk.internal.loader.ClassLoaders$PlatformClassLoader                            : 66770B
Loader org.gradle.internal.classloader.VisitableURLClassLoader                         : 50752B
Loader jdk.internal.jrtfs.JrtFileSystemProvider$JrtFsLoader                            : 41110B
Loader jdk.internal.loader.ClassLoaders$AppClassLoader                                 : 28359B
Loader jdk.internal.reflect.DelegatingClassLoader                                      : 25524B
Loader org.gradle.groovy.scripts.internal.DefaultScriptCompilationHandler$ScriptClassLoader: 11252B
Loader org.codehaus.groovy.runtime.callsite.CallSiteClassLoader                        : 6353B

Classes loaded by more than one classloader:
Class org.gradle.api.GradleException                                                  : loaded 3 times (x 80B)
Class org.gradle.util.GradleVersion                                                   : loaded 2 times (x 81B)
Class org.jetbrains.plugins.gradle.model.MavenRepositoryModel                         : loaded 2 times (x 68B)
Class org.gradle.internal.classpath.ClassPath                                         : loaded 2 times (x 68B)
Class org.gradle.api.internal.classpath.DefaultModuleRegistry                         : loaded 2 times (x 84B)
Class com.intellij.openapi.externalSystem.model.ExternalSystemException               : loaded 2 times (x 84B)
Class jdk.internal.jimage.BasicImageReader$1                                          : loaded 2 times (x 75B)
Class org.gradle.api.Action                                                           : loaded 2 times (x 68B)
Class org.jetbrains.plugins.gradle.model.ExternalProject                              : loaded 2 times (x 68B)
Class jdk.internal.jimage.ImageBufferCache$1                                          : loaded 2 times (x 78B)
Class jdk.internal.jimage.ImageBufferCache$2                                          : loaded 2 times (x 89B)
Class org.gradle.api.internal.DefaultClassPathProvider                                : loaded 2 times (x 74B)
Class org.gradle.internal.installation.GradleInstallation$1                           : loaded 2 times (x 73B)
Class jdk.internal.jrtfs.SystemImage$1                                                : loaded 2 times (x 76B)
Class jdk.internal.jrtfs.SystemImage$2                                                : loaded 2 times (x 74B)
Class org.gradle.internal.exceptions.DefaultMultiCauseException                       : loaded 2 times (x 85B)
Class org.gradle.internal.time.MonotonicClock                                         : loaded 2 times (x 75B)
Class org.gradle.internal.classloader.FilteringClassLoader                            : loaded 2 times (x 102B)
Class jdk.internal.jimage.ImageReader$Resource                                        : loaded 2 times (x 82B)
Class jdk.internal.jrtfs.SystemImage                                                  : loaded 2 times (x 72B)
Class org.gradle.tooling.model.Model                                                  : loaded 2 times (x 68B)
Class org.gradle.internal.classpath.DefaultClassPath$ImmutableUniqueList$Builder      : loaded 2 times (x 73B)
Class jdk.internal.jrtfs.JrtDirectoryStream$1                                         : loaded 2 times (x 81B)
Class org.gradle.internal.classloader.ClassLoaderVisitor                              : loaded 2 times (x 74B)
Class org.gradle.internal.time.DefaultCountdownTimer                                  : loaded 2 times (x 86B)
Class org.gradle.internal.service.DefaultServiceLocator                               : loaded 2 times (x 81B)
Class org.gradle.internal.service.UnknownServiceException                             : loaded 2 times (x 81B)
Class org.gradle.internal.classloader.DefaultClassLoaderFactory                       : loaded 2 times (x 80B)
Class jdk.internal.jimage.ImageReader$SharedImageReader                               : loaded 2 times (x 93B)
Class jdk.internal.jimage.decompressor.ZipDecompressorFactory                         : loaded 2 times (x 72B)
Class org.gradle.internal.classloader.VisitableURLClassLoader$Spec                    : loaded 2 times (x 72B)
Class org.gradle.tooling.model.ProjectModel                                           : loaded 2 times (x 68B)
Class org.gradle.internal.installation.GradleInstallation                             : loaded 2 times (x 73B)
Class org.gradle.api.internal.classpath.ModuleRegistry                                : loaded 2 times (x 68B)
Class org.jetbrains.plugins.gradle.model.RepositoriesModel                            : loaded 2 times (x 68B)
Class kotlin.jvm.internal.markers.KMappedMarker                                       : loaded 2 times (x 68B)
Class org.gradle.api.internal.ClassPathProvider                                       : loaded 2 times (x 68B)
Class org.gradle.internal.classloader.ClasspathUtil$1                                 : loaded 2 times (x 74B)
Class sync_studio_tooling4_9zjwhtjtvbaut5y8sgypqz5ja$_run_closure1                    : loaded 2 times (x 134B)
Class org.gradle.internal.classloader.ClassLoaderFactory                              : loaded 2 times (x 68B)
Class jdk.internal.jimage.ImageHeader                                                 : loaded 2 times (x 69B)
Class org.gradle.api.internal.classpath.ManifestUtil                                  : loaded 2 times (x 69B)
Class org.gradle.api.specs.Spec                                                       : loaded 2 times (x 68B)
Class org.gradle.internal.IoActions                                                   : loaded 2 times (x 69B)
Class jdk.internal.jimage.decompressor.StringSharingDecompressorFactory               : loaded 2 times (x 72B)
Class org.gradle.api.internal.classpath.EffectiveClassPath                            : loaded 2 times (x 88B)
Class kotlin.jvm.internal.DefaultConstructorMarker                                    : loaded 2 times (x 69B)
Class org.gradle.internal.installation.CurrentGradleInstallation                      : loaded 2 times (x 71B)
Class org.gradle.internal.agents.InstrumentingClassLoader                             : loaded 2 times (x 68B)
Class org.gradle.internal.installation.CurrentGradleInstallationLocator               : loaded 2 times (x 69B)
Class org.gradle.api.internal.classpath.Module                                        : loaded 2 times (x 68B)
Class org.gradle.internal.service.CachingServiceLocator                               : loaded 2 times (x 80B)
Class org.gradle.internal.time.Timer                                                  : loaded 2 times (x 68B)
Class org.gradle.internal.classpath.DefaultClassPath                                  : loaded 2 times (x 88B)
Class jdk.internal.jimage.BasicImageReader                                            : loaded 2 times (x 93B)
Class jdk.internal.jimage.ImageLocation                                               : loaded 2 times (x 88B)
Class kotlin.jvm.functions.Function1                                                  : loaded 2 times (x 68B)
Class jdk.internal.jimage.ImageReader$Node                                            : loaded 2 times (x 82B)
Class org.gradle.internal.time.Time                                                   : loaded 2 times (x 69B)
Class jdk.internal.jimage.decompressor.CompressedResourceHeader                       : loaded 2 times (x 69B)
Class org.gradle.internal.time.TimeSource$1                                           : loaded 2 times (x 75B)
Class jdk.internal.jrtfs.JrtPath                                                      : loaded 2 times (x 116B)
Class jdk.internal.jimage.ImageStrings                                                : loaded 2 times (x 68B)
Class jdk.internal.jrtfs.JrtFileAttributes                                            : loaded 2 times (x 81B)
Class org.gradle.internal.classloader.SystemClassLoaderSpec                           : loaded 2 times (x 69B)
Class jdk.internal.jimage.decompressor.ResourceDecompressorRepository                 : loaded 2 times (x 69B)
Class kotlin.Function                                                                 : loaded 2 times (x 68B)
Class org.gradle.api.UncheckedIOException                                             : loaded 2 times (x 80B)
Class jdk.internal.jimage.decompressor.ResourceDecompressor$StringsProvider           : loaded 2 times (x 68B)
Class jdk.internal.jimage.decompressor.Decompressor                                   : loaded 2 times (x 70B)
Class jdk.internal.jrtfs.JrtFileSystem                                                : loaded 2 times (x 100B)
Class jdk.internal.jrtfs.JrtFileSystemProvider                                        : loaded 2 times (x 97B)
Class org.gradle.internal.time.CountdownTimer                                         : loaded 2 times (x 68B)
Class org.gradle.internal.time.Clock                                                  : loaded 2 times (x 68B)
Class org.gradle.internal.classloader.ClasspathUtil                                   : loaded 2 times (x 69B)
Class jdk.internal.jrtfs.JrtDirectoryStream                                           : loaded 2 times (x 87B)
Class jdk.internal.jimage.decompressor.ResourceDecompressor                           : loaded 2 times (x 68B)
Class org.gradle.api.internal.DefaultClassPathRegistry                                : loaded 2 times (x 74B)
Class org.gradle.api.internal.classpath.DefaultModuleRegistry$DefaultModule           : loaded 2 times (x 84B)
Class org.gradle.internal.time.TimeSource                                             : loaded 2 times (x 68B)
Class org.gradle.api.internal.classpath.UnknownModuleException                        : loaded 2 times (x 80B)
Class org.gradle.internal.service.ServiceLookupException                              : loaded 2 times (x 80B)
Class jdk.internal.jimage.ImageStringsReader                                          : loaded 2 times (x 78B)
Class org.gradle.cache.GlobalCache                                                    : loaded 2 times (x 68B)
Class jdk.internal.jimage.decompressor.ResourceDecompressorFactory                    : loaded 2 times (x 72B)
Class [Lorg.gradle.api.internal.ClassPathProvider;                                    : loaded 2 times (x 67B)
Class jdk.internal.jimage.ImageReader$SharedImageReader$LocationVisitor               : loaded 2 times (x 68B)
Class org.gradle.internal.operations.MultipleBuildOperationFailures                   : loaded 2 times (x 85B)
Class org.gradle.util.internal.GUtil                                                  : loaded 2 times (x 69B)
Class jdk.internal.jimage.decompressor.ZipDecompressor                                : loaded 2 times (x 73B)
Class org.gradle.internal.classloader.ClassLoaderSpec                                 : loaded 2 times (x 69B)
Class ijinit_6ybw575ou8sq3m98r5vwto8sm                                                : loaded 2 times (x 177B)
Class org.gradle.internal.classloader.VisitableURLClassLoader                         : loaded 2 times (x 114B)
Class org.gradle.internal.Cast                                                        : loaded 2 times (x 69B)
Class org.gradle.api.internal.ClassPathRegistry                                       : loaded 2 times (x 68B)
Class org.gradle.internal.classloader.VisitableURLClassLoader$InstrumentingVisitableURLClassLoader: loaded 2 times (x 120B)
Class org.gradle.internal.classloader.ClassLoaderHierarchy                            : loaded 2 times (x 68B)
Class sync_studio_tooling4_9zjwhtjtvbaut5y8sgypqz5ja                                  : loaded 2 times (x 177B)
Class org.gradle.internal.exceptions.MultiCauseException                              : loaded 2 times (x 68B)
Class jdk.internal.jimage.ImageReader                                                 : loaded 2 times (x 73B)
Class org.gradle.internal.InternalTransformer                                         : loaded 2 times (x 68B)
Class org.gradle.internal.service.ServiceLocator                                      : loaded 2 times (x 68B)
Class org.gradle.internal.classpath.DefaultClassPath$ImmutableUniqueList              : loaded 2 times (x 159B)
Class jdk.internal.jimage.ImageBufferCache                                            : loaded 2 times (x 69B)
Class org.gradle.internal.time.DefaultTimer                                           : loaded 2 times (x 78B)
Class org.gradle.internal.classpath.TransformedClassPath                              : loaded 2 times (x 94B)
Class jdk.internal.jimage.ImageReader$Directory                                       : loaded 2 times (x 82B)


---------------  S Y S T E M  ---------------

OS:
 Windows 11 , 64 bit Build 22621 (10.0.22621.3085)
OS uptime: 3 days 3:21 hours
Hyper-V role detected

CPU: total 4 (initial active 4) (2 cores per cpu, 2 threads per core) family 6 model 78 stepping 3 microcode 0xea, cx8, cmov, fxsr, ht, mmx, 3dnowpref, sse, sse2, sse3, ssse3, sse4.1, sse4.2, popcnt, lzcnt, tsc, tscinvbit, avx, avx2, aes, erms, clmul, bmi1, bmi2, rtm, adx, fma, vzeroupper, clflush, clflushopt, hv

Memory: 4k page, system-wide physical 8072M (73M free)
TotalPageFile size 10120M (AvailPageFile size 3M)
current process WorkingSet (physical memory assigned to process): 373M, peak: 373M
current process commit charge ("private bytes"): 398M, peak: 399M

vm_info: OpenJDK 64-Bit Server VM (17.0.7+0-b2043.56-10550314) for windows-amd64 JRE (17.0.7+0-b2043.56-10550314), built on Jul 24 2023 18:27:45 by "androidbuild" with MS VC++ 16.10 / 16.11 (VS2019)

END.
